<?xml version="1.0" encoding="UTF-8"?>
<!-- Generated by org.testng.reporters.JUnitReportReporter -->
<testsuite skipped="0" hostname="DESKTOP-FUG8PLT" name="restcountries.getcountries.ManipulateHead" tests="1" failures="0" timestamp="2020-08-03T23:53:51 IST" time="3.248" errors="0">
  <testcase name="manipulateHeaders" time="3.248" classname="restcountries.getcountries.ManipulateHead"/>
  <system-out/>
</testsuite> <!-- restcountries.getcountries.ManipulateHead -->
