<?xml version="1.0" encoding="UTF-8"?>
<!-- Generated by org.testng.reporters.JUnitReportReporter -->
<testsuite skipped="0" hostname="DESKTOP-FUG8PLT" name="restcountries.getcountries.GetCountry" tests="1" failures="0" timestamp="2020-08-03T23:58:45 IST" time="7.955" errors="0">
  <testcase name="countryInformation" time="7.955" classname="restcountries.getcountries.GetCountry"/>
  <system-out/>
</testsuite> <!-- restcountries.getcountries.GetCountry -->
