<?xml version="1.0" encoding="UTF-8"?>
<!-- Generated by org.testng.reporters.JUnitReportReporter -->
<testsuite skipped="0" hostname="DESKTOP-FUG8PLT" name="restcountries.getcountries.HttpResponsecode" tests="3" failures="0" timestamp="2020-08-04T19:07:54 IST" time="3.785" errors="0">
  <testcase name="responsecode1" time="2.692" classname="restcountries.getcountries.HttpResponsecode"/>
  <system-out/>
  <testcase name="responsecode2" time="0.515" classname="restcountries.getcountries.HttpResponsecode"/>
  <system-out/>
  <testcase name="responsecode3" time="0.578" classname="restcountries.getcountries.HttpResponsecode"/>
  <system-out/>
</testsuite> <!-- restcountries.getcountries.HttpResponsecode -->
