<?xml version="1.0" encoding="UTF-8"?>
<!-- Generated by org.testng.reporters.JUnitReportReporter -->
<testsuite skipped="0" hostname="DESKTOP-FUG8PLT" name="restcountries.getcountries.Readjsonfromfile" tests="2" failures="0" timestamp="2020-08-12T23:42:13 IST" time="0.723" errors="0">
  <testcase name="writeData" time="0.695" classname="restcountries.getcountries.Readjsonfromfile"/>
  <system-out/>
  <testcase name="readData" time="0.028" classname="restcountries.getcountries.Readjsonfromfile"/>
  <system-out/>
</testsuite> <!-- restcountries.getcountries.Readjsonfromfile -->
