<?xml version="1.0" encoding="UTF-8"?>
<!-- Generated by org.testng.reporters.JUnitReportReporter -->
<testsuite skipped="0" hostname="DESKTOP-FUG8PLT" name="restcountries.getcountries.FilterResponse" tests="1" failures="0" timestamp="2020-08-11T11:22:19 IST" time="7.133" errors="0">
  <testcase name="filter" time="7.133" classname="restcountries.getcountries.FilterResponse"/>
  <system-out/>
</testsuite> <!-- restcountries.getcountries.FilterResponse -->
