<?xml version="1.0" encoding="UTF-8"?>
<!-- Generated by org.testng.reporters.JUnitReportReporter -->
<testsuite skipped="0" hostname="DESKTOP-FUG8PLT" name="restcountries.getcountries.ExtractionofTimezone" tests="1" failures="0" timestamp="2020-08-20T00:52:20 IST" time="8.197" errors="0">
  <testcase name="f" time="8.197" classname="restcountries.getcountries.ExtractionofTimezone"/>
  <system-out/>
</testsuite> <!-- restcountries.getcountries.ExtractionofTimezone -->
